Using pre-set license
Built from '2020.3/release' branch; Version is '2020.3.2f1 (8fd9074bf66c) revision 9427207'; Using compiler version '192528614'; Build Type 'Release'
OS: 'Windows 10 Home; OS build 19044.1889; Version 2009; 64bit' Language: 'en' Physical Memory: 16242 MB
BatchMode: 1, IsHumanControllingUs: 0, StartBugReporterOnCrash: 0, Is64bit: 1, IsPro: 0

 COMMAND LINE ARGUMENTS:
C:\Program Files\Unity\Hub\Editor\2020.3.2f1\Editor\Unity.exe
-adb2
-batchMode
-noUpm
-name
AssetImportWorker0
-projectPath
D:/_Desktop Extra/Unity Project Storage/Game-AI-Sim-Projects/AI_SIM_SOBH
-logFile
Logs/AssetImportWorker0.log
-srvPort
52147
Successfully changed project path to: D:/_Desktop Extra/Unity Project Storage/Game-AI-Sim-Projects/AI_SIM_SOBH
D:/_Desktop Extra/Unity Project Storage/Game-AI-Sim-Projects/AI_SIM_SOBH
Using Asset Import Pipeline V2.
Refreshing native plugins compatible for Editor in 52.52 ms, found 1 plugins.
Preloading 0 native plugins for Editor in 0.00 ms.
Initialize engine version: 2020.3.2f1 (8fd9074bf66c)
[Subsystems] Discovering subsystems at path C:/Program Files/Unity/Hub/Editor/2020.3.2f1/Editor/Data/Resources/UnitySubsystems
[Subsystems] Discovering subsystems at path D:/_Desktop Extra/Unity Project Storage/Game-AI-Sim-Projects/AI_SIM_SOBH/Assets
GfxDevice: creating device client; threaded=0
Direct3D:
    Version:  Direct3D 11.0 [level 11.1]
    Renderer: NVIDIA GeForce GTX 1050 Ti (ID=0x1c8c)
    Vendor:   
    VRAM:     4018 MB
    Driver:   30.0.15.1169
Initialize mono
Mono path[0] = 'C:/Program Files/Unity/Hub/Editor/2020.3.2f1/Editor/Data/Managed'
Mono path[1] = 'C:/Program Files/Unity/Hub/Editor/2020.3.2f1/Editor/Data/MonoBleedingEdge/lib/mono/unityjit'
Mono config path = 'C:/Program Files/Unity/Hub/Editor/2020.3.2f1/Editor/Data/MonoBleedingEdge/etc'
Using monoOptions --debugger-agent=transport=dt_socket,embedding=1,server=y,suspend=n,address=127.0.0.1:56276
Begin MonoManager ReloadAssembly
Registering precompiled unity dll's ...
Register platform support module: C:/Program Files/Unity/Hub/Editor/2020.3.2f1/Editor/Data/PlaybackEngines/WebGLSupport/UnityEditor.WebGL.Extensions.dll
Register platform support module: C:/Program Files/Unity/Hub/Editor/2020.3.2f1/Editor/Data/PlaybackEngines/MacStandaloneSupport/UnityEditor.OSXStandalone.Extensions.dll
Register platform support module: C:/Program Files/Unity/Hub/Editor/2020.3.2f1/Editor/Data/PlaybackEngines/WindowsStandaloneSupport/UnityEditor.WindowsStandalone.Extensions.dll
Registered in 0.003922 seconds.
Native extension for WindowsStandalone target not found
Native extension for OSXStandalone target not found
Native extension for WebGL target not found
Refreshing native plugins compatible for Editor in 46.93 ms, found 1 plugins.
Preloading 0 native plugins for Editor in 0.00 ms.
Invoked RoslynAnalysisRunner static constructor.
RoslynAnalysisRunner will not be running.
RoslynAnalysisRunner has terminated.
Mono: successfully reloaded assembly
- Completed reload, in  1.333 seconds
Platform modules already initialized, skipping
Registering precompiled user dll's ...
Registered in 0.004949 seconds.
Begin MonoManager ReloadAssembly
Native extension for WindowsStandalone target not found
Native extension for OSXStandalone target not found
Native extension for WebGL target not found
Refreshing native plugins compatible for Editor in 47.31 ms, found 1 plugins.
Preloading 0 native plugins for Editor in 0.00 ms.
Invoked RoslynAnalysisRunner static constructor.
RoslynAnalysisRunner will not be running.
RoslynAnalysisRunner has terminated.
Mono: successfully reloaded assembly
- Completed reload, in  1.592 seconds
Platform modules already initialized, skipping
========================================================================
Worker process is ready to serve import requests
Launched and connected shader compiler UnityShaderCompiler.exe after 0.06 seconds
Refreshing native plugins compatible for Editor in 0.62 ms, found 1 plugins.
Preloading 0 native plugins for Editor in 0.00 ms.
Unloading 2340 Unused Serialized files (Serialized files now loaded: 0)
System memory in use before: 138.1 MB.
System memory in use after: 137.5 MB.

Unloading 29 unused Assets to reduce memory usage. Loaded Objects now: 2781.
Total: 2.936800 ms (FindLiveObjects: 0.245600 ms CreateObjectMapping: 0.108900 ms MarkObjects: 2.064000 ms  DeleteObjects: 0.517400 ms)

========================================================================
Received Import Request.
  path: Assets/Scenes
  artifactKey: Guid(0a0c52793d880894490937e58d8efec1) Importer(815301076,1909f56bfc062723c751e8b465ee728b)
Start importing Assets/Scenes using Guid(0a0c52793d880894490937e58d8efec1) Importer(815301076,1909f56bfc062723c751e8b465ee728b)  -> (artifact id: '496febb1d73963173f3b544320fcd222') in 0.006090 seconds
  Import took 0.009796 seconds .

========================================================================
Received Import Request.
  Time since last request: 5.411316 seconds.
  path: Assets/Scenes/TestScene.cs
  artifactKey: Guid(cba683beb5be25c48940e15d148a12bf) Importer(815301076,1909f56bfc062723c751e8b465ee728b)
Start importing Assets/Scenes/TestScene.cs using Guid(cba683beb5be25c48940e15d148a12bf) Importer(815301076,1909f56bfc062723c751e8b465ee728b)  -> (artifact id: 'adcacd02cd13f73440ac70518fb86cbc') in 0.045887 seconds
  Import took 0.049637 seconds .

========================================================================
Received Import Request.
  Time since last request: 0.024759 seconds.
  path: Assets/Scenes/TestScene.cs
  artifactKey: Guid(cba683beb5be25c48940e15d148a12bf) Importer(815301076,1909f56bfc062723c751e8b465ee728b)
Start importing Assets/Scenes/TestScene.cs using Guid(cba683beb5be25c48940e15d148a12bf) Importer(815301076,1909f56bfc062723c751e8b465ee728b)  -> (artifact id: 'adcacd02cd13f73440ac70518fb86cbc') in 0.003102 seconds
  Import took 0.007229 seconds .

========================================================================
Received Prepare
Registering precompiled user dll's ...
Registered in 0.005543 seconds.
Begin MonoManager ReloadAssembly
Native extension for WindowsStandalone target not found
Native extension for OSXStandalone target not found
Native extension for WebGL target not found
Refreshing native plugins compatible for Editor in 0.54 ms, found 1 plugins.
Preloading 0 native plugins for Editor in 0.00 ms.
Invoked RoslynAnalysisRunner static constructor.
RoslynAnalysisRunner will not be running.
RoslynAnalysisRunner has terminated.
Mono: successfully reloaded assembly
- Completed reload, in  1.090 seconds
Platform modules already initialized, skipping
Refreshing native plugins compatible for Editor in 0.55 ms, found 1 plugins.
Preloading 0 native plugins for Editor in 0.00 ms.
Unloading 2252 Unused Serialized files (Serialized files now loaded: 0)
System memory in use before: 129.9 MB.
System memory in use after: 129.3 MB.

Unloading 24 unused Assets to reduce memory usage. Loaded Objects now: 2785.
Total: 4.268200 ms (FindLiveObjects: 0.608800 ms CreateObjectMapping: 0.163600 ms MarkObjects: 2.905500 ms  DeleteObjects: 0.587600 ms)

========================================================================
Received Prepare
Registering precompiled user dll's ...
Registered in 0.004857 seconds.
Begin MonoManager ReloadAssembly
Native extension for WindowsStandalone target not found
Native extension for OSXStandalone target not found
Native extension for WebGL target not found
Refreshing native plugins compatible for Editor in 0.60 ms, found 1 plugins.
Preloading 0 native plugins for Editor in 0.00 ms.
Invoked RoslynAnalysisRunner static constructor.
RoslynAnalysisRunner will not be running.
RoslynAnalysisRunner has terminated.
Mono: successfully reloaded assembly
- Completed reload, in  1.098 seconds
Platform modules already initialized, skipping
Refreshing native plugins compatible for Editor in 0.85 ms, found 1 plugins.
Preloading 0 native plugins for Editor in 0.00 ms.
Unloading 2251 Unused Serialized files (Serialized files now loaded: 0)
System memory in use before: 129.9 MB.
System memory in use after: 129.4 MB.

Unloading 25 unused Assets to reduce memory usage. Loaded Objects now: 2787.
Total: 3.103600 ms (FindLiveObjects: 0.345600 ms CreateObjectMapping: 0.112400 ms MarkObjects: 2.093800 ms  DeleteObjects: 0.550500 ms)

========================================================================
Received Import Request.
  Time since last request: 24.789449 seconds.
  path: Assets/Scenes/TestScene.unity
  artifactKey: Guid(d3ee3853d7ee2ce4cb31d420d0edfbcd) Importer(815301076,1909f56bfc062723c751e8b465ee728b)
Start importing Assets/Scenes/TestScene.unity using Guid(d3ee3853d7ee2ce4cb31d420d0edfbcd) Importer(815301076,1909f56bfc062723c751e8b465ee728b)  -> (artifact id: '5003b9c6e2184c5210029b3949dc8eda') in 0.018780 seconds
  Import took 0.022351 seconds .

========================================================================
Received Import Request.
  Time since last request: 27.753863 seconds.
  path: Assets/Scenes/Main.unity
  artifactKey: Guid(9fc0d4010bbf28b4594072e72b8655ab) Importer(815301076,1909f56bfc062723c751e8b465ee728b)
Start importing Assets/Scenes/Main.unity using Guid(9fc0d4010bbf28b4594072e72b8655ab) Importer(815301076,1909f56bfc062723c751e8b465ee728b)  -> (artifact id: 'e0bc05ce8ce4d747aa8be4fbb0cb44f8') in 0.003779 seconds
  Import took 0.154204 seconds .

========================================================================
Received Import Request.
  Time since last request: 20.187800 seconds.
  path: Assets/Scenes/Simulation.unity
  artifactKey: Guid(9fc0d4010bbf28b4594072e72b8655ab) Importer(815301076,1909f56bfc062723c751e8b465ee728b)
Start importing Assets/Scenes/Simulation.unity using Guid(9fc0d4010bbf28b4594072e72b8655ab) Importer(815301076,1909f56bfc062723c751e8b465ee728b)  -> (artifact id: 'e51df224e92e3b36819a76a3b24766e8') in 0.003596 seconds
  Import took 0.006985 seconds .

========================================================================
Received Import Request.
  Time since last request: 28.438317 seconds.
  path: Assets/Scenes/Main Menu.unity
  artifactKey: Guid(57bd8dcd1ecab864abed17aef4e59ad1) Importer(815301076,1909f56bfc062723c751e8b465ee728b)
Start importing Assets/Scenes/Main Menu.unity using Guid(57bd8dcd1ecab864abed17aef4e59ad1) Importer(815301076,1909f56bfc062723c751e8b465ee728b)  -> (artifact id: '266d4b1026285e116eee9e3b02be5501') in 0.003560 seconds
  Import took 0.006981 seconds .

========================================================================
Received Import Request.
  Time since last request: 2.197423 seconds.
  path: Assets/Scenes/TestScene.unity
  artifactKey: Guid(d3ee3853d7ee2ce4cb31d420d0edfbcd) Importer(815301076,1909f56bfc062723c751e8b465ee728b)
Start importing Assets/Scenes/TestScene.unity using Guid(d3ee3853d7ee2ce4cb31d420d0edfbcd) Importer(815301076,1909f56bfc062723c751e8b465ee728b)  -> (artifact id: 'a408cbb5237751a3b3774bb1f801f278') in 0.003024 seconds
  Import took 0.006411 seconds .

========================================================================
Received Import Request.
  Time since last request: 5.019953 seconds.
  path: Assets/Scenes/Test Scene.unity
  artifactKey: Guid(d3ee3853d7ee2ce4cb31d420d0edfbcd) Importer(815301076,1909f56bfc062723c751e8b465ee728b)
Start importing Assets/Scenes/Test Scene.unity using Guid(d3ee3853d7ee2ce4cb31d420d0edfbcd) Importer(815301076,1909f56bfc062723c751e8b465ee728b)  -> (artifact id: 'aa5928791a81b12dca3736c29df103a6') in 0.003700 seconds
  Import took 0.007504 seconds .

AssetImportWorkerClient::OnTransportError - code=2 error=End of file
